0 info it worked if it ends with ok
1 verbose cli [ '/usr/local/bin/node', '/usr/local/bin/npm', 'start' ]
2 info using npm@3.5.3
3 info using node@v4.2.6
4 verbose run-script [ 'prestart', 'start', 'poststart' ]
5 info lifecycle server@0.0.1~prestart: server@0.0.1
6 silly lifecycle server@0.0.1~prestart: no script for prestart, continuing
7 info lifecycle server@0.0.1~start: server@0.0.1
8 verbose lifecycle server@0.0.1~start: unsafe-perm in lifecycle true
9 verbose lifecycle server@0.0.1~start: PATH: /usr/local/lib/node_modules/npm/bin/node-gyp-bin:/Users/vangiessenj/workspace/nih-explorer/server/node_modules/.bin:/sw/bin/:/usr/local/bin:/usr/local/:/usr/local/sbin:/usr/local/git/bin:/usr/local/mysql/bin:/Users/vangiessenj/anaconda/bin:/usr/local/bin:/usr/bin:/bin:/usr/sbin:/sbin:/opt/X11/bin
10 verbose lifecycle server@0.0.1~start: CWD: /Users/vangiessenj/workspace/nih-explorer/server
11 silly lifecycle server@0.0.1~start: Args: [ '-c', 'gulp' ]
12 silly lifecycle server@0.0.1~start: Returned: code: 7  signal: null
13 info lifecycle server@0.0.1~start: Failed to exec start script
14 verbose stack Error: server@0.0.1 start: `gulp`
14 verbose stack Exit status 7
14 verbose stack     at EventEmitter.<anonymous> (/usr/local/lib/node_modules/npm/lib/utils/lifecycle.js:232:16)
14 verbose stack     at emitTwo (events.js:87:13)
14 verbose stack     at EventEmitter.emit (events.js:172:7)
14 verbose stack     at ChildProcess.<anonymous> (/usr/local/lib/node_modules/npm/lib/utils/spawn.js:24:14)
14 verbose stack     at emitTwo (events.js:87:13)
14 verbose stack     at ChildProcess.emit (events.js:172:7)
14 verbose stack     at maybeClose (internal/child_process.js:821:16)
14 verbose stack     at Process.ChildProcess._handle.onexit (internal/child_process.js:211:5)
15 verbose pkgid server@0.0.1
16 verbose cwd /Users/vangiessenj/workspace/nih-explorer/server
17 error Darwin 14.5.0
18 error argv "/usr/local/bin/node" "/usr/local/bin/npm" "start"
19 error node v4.2.6
20 error npm  v3.5.3
21 error code ELIFECYCLE
22 error server@0.0.1 start: `gulp`
22 error Exit status 7
23 error Failed at the server@0.0.1 start script 'gulp'.
23 error Make sure you have the latest version of node.js and npm installed.
23 error If you do, this is most likely a problem with the server package,
23 error not with npm itself.
23 error Tell the author that this fails on your system:
23 error     gulp
23 error You can get information on how to open an issue for this project with:
23 error     npm bugs server
23 error Or if that isn't available, you can get their info via:
23 error     npm owner ls server
23 error There is likely additional logging output above.
24 verbose exit [ 1, true ]
